# JRE version: Java(TM) SE Runtime Environment (17.0.12+8) (build 17.0.12+8-LTS-286)
# Java VM: Java HotSpot(TM) 64-Bit Server VM (17.0.12+8-LTS-286, mixed mode, sharing, tiered, compressed oops, compressed class ptrs, g1 gc, windows-amd64)
GC Precious Log:
 CPUs: 12 total, 12 available
 Memory: 6005M
 Large Page Support: Disabled
 NUMA Support: Disabled
 Compressed Oops: Enabled (32-bit)
 Heap Region Size: 1M
 Heap Min Capacity: 8M
 Heap Initial Capacity: 94M
 Heap Max Capacity: 1502M
 Pre-touch: Disabled
 Parallel Workers: 10
 Concurrent Workers: 3
 Concurrent Refinement Workers: 10
 Periodic GC: Disabled
Heap:
 garbage-first heap   total 592896K, used 647K [0x00000000a2200000, 0x0000000100000000)
  region size 1024K, 1 young (1024K), 1 survivors (1024K)
 Metaspace       used 346K, committed 512K, reserved 1114112K
  class space    used 13K, committed 128K, reserved 1048576K
GC Heap History (20 events):
Event: 133398.177 GC heap after
{Heap after GC invocations=78657 (full 0):
 garbage-first heap   total 96256K, used 645K [0x00000000a2200000, 0x0000000100000000)
  region size 1024K, 1 young (1024K), 1 survivors (1024K)
 Metaspace       used 346K, committed 512K, reserved 1114112K
  class space    used 13K, committed 128K, reserved 1048576K
}
Event: 133400.025 GC heap before
{Heap before GC invocations=78657 (full 0):
 garbage-first heap   total 96256K, used 56965K [0x00000000a2200000, 0x0000000100000000)
  region size 1024K, 56 young (57344K), 1 survivors (1024K)
 Metaspace       used 346K, committed 512K, reserved 1114112K
  class space    used 13K, committed 128K, reserved 1048576K
}
Event: 133400.665 GC heap after
{Heap after GC invocations=78658 (full 0):
 garbage-first heap   total 197632K, used 643K [0x00000000a2200000, 0x0000000100000000)
  region size 1024K, 1 young (1024K), 1 survivors (1024K)
 Metaspace       used 346K, committed 512K, reserved 1114112K
  class space    used 13K, committed 128K, reserved 1048576K
}
Event: 133400.922 GC heap before
{Heap before GC invocations=78658 (full 0):
 garbage-first heap   total 197632K, used 8835K [0x00000000a2200000, 0x0000000100000000)
  region size 1024K, 9 young (9216K), 1 survivors (1024K)
 Metaspace       used 346K, committed 512K, reserved 1114112K
  class space    used 13K, committed 128K, reserved 1048576K
}
Event: 133401.663 GC heap after
{Heap after GC invocations=78659 (full 0):
 garbage-first heap   total 197632K, used 645K [0x00000000a2200000, 0x0000000100000000)
  region size 1024K, 1 young (1024K), 1 survivors (1024K)
 Metaspace       used 346K, committed 512K, reserved 1114112K
  class space    used 13K, committed 128K, reserved 1048576K
}
Event: 133402.243 GC heap before
{Heap before GC invocations=78659 (full 0):
 garbage-first heap   total 197632K, used 8837K [0x00000000a2200000, 0x0000000100000000)
  region size 1024K, 9 young (9216K), 1 survivors (1024K)
 Metaspace       used 346K, committed 512K, reserved 1114112K
  class space    used 13K, committed 128K, reserved 1048576K
}
Event: 133402.414 GC heap after
{Heap after GC invocations=78660 (full 0):
 garbage-first heap   total 197632K, used 643K [0x00000000a2200000, 0x0000000100000000)
  region size 1024K, 1 young (1024K), 1 survivors (1024K)
 Metaspace       used 346K, committed 512K, reserved 1114112K
  class space    used 13K, committed 128K, reserved 1048576K
}
Event: 133402.504 GC heap before
{Heap before GC invocations=78660 (full 0):
 garbage-first heap   total 197632K, used 8835K [0x00000000a2200000, 0x0000000100000000)
  region size 1024K, 9 young (9216K), 1 survivors (1024K)
 Metaspace       used 346K, committed 512K, reserved 1114112K
  class space    used 13K, committed 128K, reserved 1048576K
}
Event: 169451.037 GC heap after
{Heap after GC invocations=78661 (full 0):
 garbage-first heap   total 197632K, used 643K [0x00000000a2200000, 0x0000000100000000)
  region size 1024K, 1 young (1024K), 1 survivors (1024K)
 Metaspace       used 346K, committed 512K, reserved 1114112K
  class space    used 13K, committed 128K, reserved 1048576K
}
Event: 169451.706 GC heap before
{Heap before GC invocations=78661 (full 0):
 garbage-first heap   total 197632K, used 13955K [0x00000000a2200000, 0x0000000100000000)
  region size 1024K, 14 young (14336K), 1 survivors (1024K)
 Metaspace       used 346K, committed 512K, reserved 1114112K
  class space    used 13K, committed 128K, reserved 1048576K
}
Event: 169460.906 GC heap after
{Heap after GC invocations=78662 (full 0):
 garbage-first heap   total 592896K, used 645K [0x00000000a2200000, 0x0000000100000000)
  region size 1024K, 1 young (1024K), 1 survivors (1024K)
 Metaspace       used 346K, committed 512K, reserved 1114112K
  class space    used 13K, committed 128K, reserved 1048576K
}
Event: 169469.734 GC heap before
{Heap before GC invocations=78662 (full 0):
 garbage-first heap   total 592896K, used 28293K [0x00000000a2200000, 0x0000000100000000)
  region size 1024K, 28 young (28672K), 1 survivors (1024K)
 Metaspace       used 346K, committed 512K, reserved 1114112K
  class space    used 13K, committed 128K, reserved 1048576K
}
Event: 169471.846 GC heap after
{Heap after GC invocations=78663 (full 0):
 garbage-first heap   total 592896K, used 647K [0x00000000a2200000, 0x0000000100000000)
  region size 1024K, 1 young (1024K), 1 survivors (1024K)
 Metaspace       used 346K, committed 512K, reserved 1114112K
  class space    used 13K, committed 128K, reserved 1048576K
}
Event: 169472.998 GC heap before
{Heap before GC invocations=78663 (full 0):
 garbage-first heap   total 592896K, used 28295K [0x00000000a2200000, 0x0000000100000000)
  region size 1024K, 28 young (28672K), 1 survivors (1024K)
 Metaspace       used 346K, committed 512K, reserved 1114112K
  class space    used 13K, committed 128K, reserved 1048576K
}
Event: 169473.235 GC heap after
{Heap after GC invocations=78664 (full 0):
 garbage-first heap   total 592896K, used 645K [0x00000000a2200000, 0x0000000100000000)
  region size 1024K, 1 young (1024K), 1 survivors (1024K)
 Metaspace       used 346K, committed 512K, reserved 1114112K
  class space    used 13K, committed 128K, reserved 1048576K
}
Event: 169473.596 GC heap before
{Heap before GC invocations=78664 (full 0):
 garbage-first heap   total 592896K, used 28293K [0x00000000a2200000, 0x0000000100000000)
  region size 1024K, 28 young (28672K), 1 survivors (1024K)
 Metaspace       used 346K, committed 512K, reserved 1114112K
  class space    used 13K, committed 128K, reserved 1048576K
}
Event: 169473.737 GC heap after
{Heap after GC invocations=78665 (full 0):
 garbage-first heap   total 592896K, used 645K [0x00000000a2200000, 0x0000000100000000)
  region size 1024K, 1 young (1024K), 1 survivors (1024K)
 Metaspace       used 346K, committed 512K, reserved 1114112K
  class space    used 13K, committed 128K, reserved 1048576K
}
Event: 169474.096 GC heap before
{Heap before GC invocations=78665 (full 0):
 garbage-first heap   total 592896K, used 28293K [0x00000000a2200000, 0x0000000100000000)
  region size 1024K, 28 young (28672K), 1 survivors (1024K)
 Metaspace       used 346K, committed 512K, reserved 1114112K
  class space    used 13K, committed 128K, reserved 1048576K
}
Event: 169474.249 GC heap after
{Heap after GC invocations=78666 (full 0):
 garbage-first heap   total 592896K, used 645K [0x00000000a2200000, 0x0000000100000000)
  region size 1024K, 1 young (1024K), 1 survivors (1024K)
 Metaspace       used 346K, committed 512K, reserved 1114112K
  class space    used 13K, committed 128K, reserved 1048576K
}
Event: 169474.655 GC heap before
{Heap before GC invocations=78666 (full 0):
 garbage-first heap   total 592896K, used 28293K [0x00000000a2200000, 0x0000000100000000)
  region size 1024K, 28 young (28672K), 1 survivors (1024K)
 Metaspace       used 346K, committed 512K, reserved 1114112K
  class space    used 13K, committed 128K, reserved 1048576K
}

